[00:56:31] [main/INFO] [LaunchWrapper]: Loading tweak class name net.minecraftforge.fml.common.launcher.FMLServerTweaker
[00:56:31] [main/INFO] [LaunchWrapper]: Using primary tweak class name net.minecraftforge.fml.common.launcher.FMLServerTweaker
[00:56:31] [main/INFO] [LaunchWrapper]: Calling tweak class net.minecraftforge.fml.common.launcher.FMLServerTweaker
[00:56:31] [main/DEBUG] [FML]: Injecting tracing printstreams for STDOUT/STDERR.
[00:56:31] [main/INFO] [FML]: Forge Mod Loader version 14.23.5.2854 for Minecraft 1.12.2 loading
[00:56:31] [main/INFO] [FML]: Java is OpenJDK 64-Bit Server VM, version 1.8.0_265, running on Linux:amd64:5.8.10-arch1-1, installed at /usr/lib/jvm/java-8-openjdk/jre
[00:56:31] [main/DEBUG] [FML]: Java classpath at launch is:
[00:56:31] [main/DEBUG] [FML]:     MineServer/forge-1.12.2-14.23.5.2854.jar
[00:56:31] [main/DEBUG] [FML]: Java library path at launch is:
[00:56:31] [main/DEBUG] [FML]:     /usr/java/packages/lib/amd64
[00:56:31] [main/DEBUG] [FML]:     /usr/lib64
[00:56:31] [main/DEBUG] [FML]:     /lib64
[00:56:31] [main/DEBUG] [FML]:     /lib
[00:56:31] [main/DEBUG] [FML]:     /usr/lib
[00:56:31] [main/DEBUG] [FML]: Determined Minecraft Libraries Root: /home/dm/mc-dump/MineServer/libraries
[00:56:31] [main/DEBUG] [FML]: Cleaning up mods folder: ./mods
[00:56:31] [main/DEBUG] [FML]: Enabling runtime deobfuscation
[00:56:31] [main/DEBUG] [FML]: Instantiating coremod class FMLCorePlugin
[00:56:31] [main/DEBUG] [FML]: Found signing certificates for coremod FMLCorePlugin (net.minecraftforge.fml.relauncher.FMLCorePlugin)
[00:56:31] [main/DEBUG] [FML]: Found certificate e3c3d50c7c986df74c645c0ac54639741c90a557
[00:56:31] [main/DEBUG] [FML]: Added access transformer class net.minecraftforge.fml.common.asm.transformers.AccessTransformer to enqueued access transformers
[00:56:31] [main/DEBUG] [FML]: Enqueued coremod FMLCorePlugin
[00:56:31] [main/DEBUG] [FML]: Instantiating coremod class FMLForgePlugin
[00:56:31] [main/DEBUG] [FML]: Found signing certificates for coremod FMLForgePlugin (net.minecraftforge.classloading.FMLForgePlugin)
[00:56:31] [main/DEBUG] [FML]: Found certificate e3c3d50c7c986df74c645c0ac54639741c90a557
[00:56:31] [main/DEBUG] [FML]: Enqueued coremod FMLForgePlugin
[00:56:31] [main/DEBUG] [FML]: All fundamental core mods are successfully located
[00:56:31] [main/DEBUG] [FML]: Discovering coremods
[00:56:31] [main/INFO] [FML]: Searching /home/dm/mc-dump/./mods for mods
[00:56:31] [main/INFO] [LaunchWrapper]: Loading tweak class name net.minecraftforge.fml.common.launcher.FMLInjectionAndSortingTweaker
[00:56:31] [main/INFO] [LaunchWrapper]: Loading tweak class name net.minecraftforge.fml.common.launcher.FMLDeobfTweaker
[00:56:31] [main/INFO] [LaunchWrapper]: Calling tweak class net.minecraftforge.fml.common.launcher.FMLInjectionAndSortingTweaker
[00:56:31] [main/INFO] [LaunchWrapper]: Calling tweak class net.minecraftforge.fml.common.launcher.FMLInjectionAndSortingTweaker
[00:56:31] [main/INFO] [LaunchWrapper]: Calling tweak class net.minecraftforge.fml.relauncher.CoreModManager$FMLPluginWrapper
[00:56:31] [main/DEBUG] [FML]: Injecting coremod FMLCorePlugin \{net.minecraftforge.fml.relauncher.FMLCorePlugin\} class transformers
[00:56:31] [main/TRACE] [FML]: Registering transformer net.minecraftforge.fml.common.asm.transformers.SideTransformer
[00:56:32] [main/TRACE] [FML]: Registering transformer net.minecraftforge.fml.common.asm.transformers.EventSubscriptionTransformer
[00:56:32] [main/TRACE] [FML]: Registering transformer net.minecraftforge.fml.common.asm.transformers.EventSubscriberTransformer
[00:56:32] [main/TRACE] [FML]: Registering transformer net.minecraftforge.fml.common.asm.transformers.SoundEngineFixTransformer
[00:56:32] [main/DEBUG] [FML]: Injection complete
[00:56:32] [main/DEBUG] [FML]: Running coremod plugin for FMLCorePlugin \{net.minecraftforge.fml.relauncher.FMLCorePlugin\}
[00:56:32] [main/DEBUG] [FML]: Running coremod plugin FMLCorePlugin
[00:56:33] [main/DEBUG] [FML]: Read 1154 binary patches
